INFO:sim:172 - Generating IP...
Applying current project options...
Finished applying current project options.
Customizing IP...
Release 14.3 - Xilinx CORE Generator IP GUI Launcher P.40xd (lin64)
Copyright (c) 1995-2012 Xilinx, Inc.  All rights reserved.
Finished Customizing.
Generating IP...
WARNING:sim:89 - A core named <fifo> already exists in the output directory.
   Output products for this core may be overwritten.
XST: HDL Compilation
XST: Design Hierarchy Analysis
XST: HDL Analysis
XST: HDL Synthesis
XST: Advanced HDL Synthesis
XST: Low Level Synthesis
XST: Partition Report
XST: Final Report
Generating Implementation files.
Generating NGC file.
Finished Generation.
Generating IP instantiation template...
Generating ASY schematic symbol...
INFO:sim:949 - Finished generation of ASY schematic symbol.
Generating SYM schematic symbol for 'fifo'...
Generating metadata file...
Generating ISE project...
XCO file found: fifo.xco
XMDF file found: fifo_xmdf.tcl
Adding /home/horacio/work/lago/lago-fpga-sync_vhdl/ipcore_dir/tmp/_cg/fifo.asy
-view all -origin_type imported
Adding /home/horacio/work/lago/lago-fpga-sync_vhdl/ipcore_dir/tmp/_cg/fifo.ngc
-view all -origin_type created
Checking file
"/home/horacio/work/lago/lago-fpga-sync_vhdl/ipcore_dir/tmp/_cg/fifo.ngc" for
project device match ...
File "/home/horacio/work/lago/lago-fpga-sync_vhdl/ipcore_dir/tmp/_cg/fifo.ngc"
device information matches project device.
Adding /home/horacio/work/lago/lago-fpga-sync_vhdl/ipcore_dir/tmp/_cg/fifo.sym
-view all -origin_type imported
Adding /home/horacio/work/lago/lago-fpga-sync_vhdl/ipcore_dir/tmp/_cg/fifo.vhd
-view all -origin_type created
INFO:HDLCompiler:1061 - Parsing VHDL file
   "/home/horacio/work/lago/lago-fpga-sync_vhdl/ipcore_dir/tmp/_cg/fifo.vhd"
   into library work
INFO:ProjectMgmt - Parsing design hierarchy completed successfully.
Adding /home/horacio/work/lago/lago-fpga-sync_vhdl/ipcore_dir/tmp/_cg/fifo.vho
-view all -origin_type imported
Adding
/home/horacio/work/lago/lago-fpga-sync_vhdl/ipcore_dir/tmp/_cg/fifo_generator_re
adme.txt -view all -origin_type imported
INFO:TclTasksC:2116 - The automatic calculation of top has been turned-off.
   Please set the new top explicitly by running the "project set top" command.
   To re-calculate the new top automatically, set the "Auto Implementation Top"
   property to true.
Top level has been set to "/fifo"
Generating README file...
Generating FLIST file...
INFO:sim:948 - Finished FLIST file generation.
Launching README viewer...
Moving files to output directory...
Finished moving files to output directory
Wrote CGP file for project 'fifo'.
